<?xml version="1.0" encoding="UTF-8"?>
<coverage generated="1761960100959" clover="3.2.0">
  <project timestamp="1761960100959" name="All files">
    <metrics statements="21" coveredstatements="14" conditionals="13" coveredconditionals="7" methods="3" coveredmethods="2" elements="37" coveredelements="23" complexity="0" loc="21" ncloc="21" packages="1" files="1" classes="1"/>
    <file name="score.ts" path="/workspaces/BoulderingELO/src/score.ts">
      <metrics statements="21" coveredstatements="14" conditionals="13" coveredconditionals="7" methods="3" coveredmethods="2"/>
      <line num="3" count="1" type="stmt"/>
      <line num="12" count="1" type="stmt"/>
      <line num="14" count="1" type="cond" truecount="1" falsecount="0"/>
      <line num="15" count="22" type="cond" truecount="2" falsecount="0"/>
      <line num="18" count="1" type="cond" truecount="1" falsecount="0"/>
      <line num="19" count="7" type="stmt"/>
      <line num="20" count="7" type="stmt"/>
      <line num="21" count="7" type="stmt"/>
      <line num="22" count="42" type="cond" truecount="2" falsecount="0"/>
      <line num="23" count="42" type="cond" truecount="1" falsecount="0"/>
      <line num="24" count="10" type="stmt"/>
      <line num="25" count="10" type="stmt"/>
      <line num="27" count="7" type="stmt"/>
      <line num="30" count="1" type="stmt"/>
      <line num="31" count="0" type="stmt"/>
      <line num="32" count="0" type="stmt"/>
      <line num="33" count="0" type="stmt"/>
      <line num="34" count="0" type="cond" truecount="0" falsecount="2"/>
      <line num="35" count="0" type="cond" truecount="0" falsecount="4"/>
      <line num="36" count="0" type="stmt"/>
      <line num="38" count="0" type="stmt"/>
    </file>
  </project>
</coverage>
