{"/workspaces/BoulderingELO/src/score.ts": {"path":"/workspaces/BoulderingELO/src/score.ts","statementMap":{"0":{"start":{"line":14,"column":0},"end":{"line":14,"column":16}},"1":{"start":{"line":18,"column":0},"end":{"line":18,"column":16}},"2":{"start":{"line":30,"column":0},"end":{"line":30,"column":16}},"3":{"start":{"line":42,"column":0},"end":{"line":42,"column":16}},"4":{"start":{"line":3,"column":13},"end":{"line":10,"column":2}},"5":{"start":{"line":12,"column":13},"end":{"line":12,"column":93}},"6":{"start":{"line":15,"column":2},"end":{"line":15,"column":53}},"7":{"start":{"line":19,"column":12},"end":{"line":19,"column":13}},"8":{"start":{"line":20,"column":10},"end":{"line":20,"column":11}},"9":{"start":{"line":21,"column":2},"end":{"line":26,"column":3}},"10":{"start":{"line":22,"column":15},"end":{"line":22,"column":33}},"11":{"start":{"line":23,"column":4},"end":{"line":23,"column":25}},"12":{"start":{"line":23,"column":16},"end":{"line":23,"column":25}},"13":{"start":{"line":24,"column":4},"end":{"line":24,"column":57}},"14":{"start":{"line":25,"column":4},"end":{"line":25,"column":13}},"15":{"start":{"line":27,"column":2},"end":{"line":27,"column":11}},"16":{"start":{"line":31,"column":22},"end":{"line":31,"column":83}},"17":{"start":{"line":32,"column":2},"end":{"line":37,"column":3}},"18":{"start":{"line":33,"column":14},"end":{"line":33,"column":23}},"19":{"start":{"line":34,"column":4},"end":{"line":36,"column":20}},"20":{"start":{"line":34,"column":19},"end":{"line":34,"column":30}},"21":{"start":{"line":35,"column":9},"end":{"line":36,"column":20}},"22":{"start":{"line":35,"column":44},"end":{"line":35,"column":86}},"23":{"start":{"line":36,"column":9},"end":{"line":36,"column":20}},"24":{"start":{"line":38,"column":2},"end":{"line":38,"column":13}},"25":{"start":{"line":43,"column":24},"end":{"line":43,"column":85}},"26":{"start":{"line":44,"column":2},"end":{"line":48,"column":3}},"27":{"start":{"line":45,"column":4},"end":{"line":47,"column":5}},"28":{"start":{"line":46,"column":6},"end":{"line":46,"column":51}},"29":{"start":{"line":49,"column":2},"end":{"line":49,"column":15}}},"fnMap":{"0":{"name":"wSum","decl":{"start":{"line":14,"column":16},"end":{"line":14,"column":20}},"loc":{"start":{"line":14,"column":40},"end":{"line":16,"column":1}}},"1":{"name":"scoreSession","decl":{"start":{"line":18,"column":16},"end":{"line":18,"column":28}},"loc":{"start":{"line":18,"column":53},"end":{"line":28,"column":1}}},"2":{"name":"validateCounts","decl":{"start":{"line":30,"column":16},"end":{"line":30,"column":30}},"loc":{"start":{"line":30,"column":54},"end":{"line":39,"column":1}}},"3":{"name":"combineCounts","decl":{"start":{"line":42,"column":16},"end":{"line":42,"column":29}},"loc":{"start":{"line":42,"column":52},"end":{"line":50,"column":1}}}},"branchMap":{"0":{"loc":{"start":{"line":14,"column":32},"end":{"line":14,"column":40}},"type":"default-arg","locations":[{"start":{"line":14,"column":36},"end":{"line":14,"column":40}}]},"1":{"loc":{"start":{"line":15,"column":9},"end":{"line":15,"column":52}},"type":"cond-expr","locations":[{"start":{"line":15,"column":18},"end":{"line":15,"column":19}},{"start":{"line":15,"column":22},"end":{"line":15,"column":52}}]},"2":{"loc":{"start":{"line":18,"column":45},"end":{"line":18,"column":53}},"type":"default-arg","locations":[{"start":{"line":18,"column":49},"end":{"line":18,"column":53}}]},"3":{"loc":{"start":{"line":22,"column":15},"end":{"line":22,"column":33}},"type":"binary-expr","locations":[{"start":{"line":22,"column":15},"end":{"line":22,"column":28}},{"start":{"line":22,"column":32},"end":{"line":22,"column":33}}]},"4":{"loc":{"start":{"line":23,"column":4},"end":{"line":23,"column":25}},"type":"if","locations":[{"start":{"line":23,"column":4},"end":{"line":23,"column":25}}]},"5":{"loc":{"start":{"line":34,"column":4},"end":{"line":36,"column":20}},"type":"if","locations":[{"start":{"line":34,"column":4},"end":{"line":36,"column":20}},{"start":{"line":35,"column":9},"end":{"line":36,"column":20}}]},"6":{"loc":{"start":{"line":35,"column":9},"end":{"line":36,"column":20}},"type":"if","locations":[{"start":{"line":35,"column":9},"end":{"line":36,"column":20}},{"start":{"line":36,"column":9},"end":{"line":36,"column":20}}]},"7":{"loc":{"start":{"line":35,"column":13},"end":{"line":35,"column":42}},"type":"binary-expr","locations":[{"start":{"line":35,"column":13},"end":{"line":35,"column":33}},{"start":{"line":35,"column":37},"end":{"line":35,"column":42}}]},"8":{"loc":{"start":{"line":46,"column":22},"end":{"line":46,"column":50}},"type":"binary-expr","locations":[{"start":{"line":46,"column":22},"end":{"line":46,"column":45}},{"start":{"line":46,"column":49},"end":{"line":46,"column":50}}]}},"s":{"0":1,"1":1,"2":1,"3":1,"4":1,"5":1,"6":22,"7":7,"8":7,"9":7,"10":42,"11":42,"12":32,"13":10,"14":10,"15":7,"16":0,"17":0,"18":0,"19":0,"20":0,"21":0,"22":0,"23":0,"24":0,"25":0,"26":0,"27":0,"28":0,"29":0},"f":{"0":22,"1":7,"2":0,"3":0},"b":{"0":[2],"1":[7,15],"2":[7],"3":[42,32],"4":[32],"5":[0,0],"6":[0,0],"7":[0,0],"8":[0,0]}}
}
