TN:
SF:src/score.ts
FN:14,wSum
FN:18,scoreSession
FN:30,validateCounts
FN:42,combineCounts
FNF:4
FNH:2
FNDA:22,wSum
FNDA:7,scoreSession
FNDA:0,validateCounts
FNDA:0,combineCounts
DA:3,1
DA:12,1
DA:14,1
DA:15,22
DA:18,1
DA:19,7
DA:20,7
DA:21,7
DA:22,42
DA:23,42
DA:24,10
DA:25,10
DA:27,7
DA:30,1
DA:31,0
DA:32,0
DA:33,0
DA:34,0
DA:35,0
DA:36,0
DA:38,0
DA:42,1
DA:43,0
DA:44,0
DA:45,0
DA:46,0
DA:49,0
LF:27
LH:15
BRDA:14,0,0,2
BRDA:15,1,0,7
BRDA:15,1,1,15
BRDA:18,2,0,7
BRDA:22,3,0,42
BRDA:22,3,1,32
BRDA:23,4,0,32
BRDA:34,5,0,0
BRDA:34,5,1,0
BRDA:35,6,0,0
BRDA:35,6,1,0
BRDA:35,7,0,0
BRDA:35,7,1,0
BRDA:46,8,0,0
BRDA:46,8,1,0
BRF:15
BRH:7
end_of_record
